mode: atomic
github.com/drew138/.dotfiles/installer/internal/application/service.go:9.63,14.2 1 2
github.com/drew138/.dotfiles/installer/internal/application/service.go:16.48,18.2 1 2
github.com/drew138/.dotfiles/installer/internal/application/service.go:20.58,22.2 1 2
github.com/drew138/.dotfiles/installer/mocks/HttpClient.go:20.53,22.2 1 0
github.com/drew138/.dotfiles/installer/mocks/HttpClient.go:25.63,28.19 2 0
github.com/drew138/.dotfiles/installer/mocks/HttpClient.go:28.19,29.45 1 0
github.com/drew138/.dotfiles/installer/mocks/HttpClient.go:32.2,34.69 3 0
github.com/drew138/.dotfiles/installer/mocks/HttpClient.go:34.69,36.3 1 0
github.com/drew138/.dotfiles/installer/mocks/HttpClient.go:37.2,37.60 1 0
github.com/drew138/.dotfiles/installer/mocks/HttpClient.go:37.60,39.3 1 0
github.com/drew138/.dotfiles/installer/mocks/HttpClient.go:39.8,40.24 1 0
github.com/drew138/.dotfiles/installer/mocks/HttpClient.go:40.24,42.4 1 0
github.com/drew138/.dotfiles/installer/mocks/HttpClient.go:45.2,45.51 1 0
github.com/drew138/.dotfiles/installer/mocks/HttpClient.go:45.51,47.3 1 0
github.com/drew138/.dotfiles/installer/mocks/HttpClient.go:47.8,49.3 1 0
github.com/drew138/.dotfiles/installer/mocks/HttpClient.go:51.2,51.15 1 0
github.com/drew138/.dotfiles/installer/mocks/HttpClient.go:61.74,63.2 1 0
github.com/drew138/.dotfiles/installer/mocks/HttpClient.go:65.79,66.40 1 0
github.com/drew138/.dotfiles/installer/mocks/HttpClient.go:66.40,68.3 1 0
github.com/drew138/.dotfiles/installer/mocks/HttpClient.go:69.2,69.11 1 0
github.com/drew138/.dotfiles/installer/mocks/HttpClient.go:72.91,75.2 2 0
github.com/drew138/.dotfiles/installer/mocks/HttpClient.go:77.108,80.2 2 0
github.com/drew138/.dotfiles/installer/mocks/HttpClient.go:87.16,91.19 3 0
github.com/drew138/.dotfiles/installer/mocks/HttpClient.go:91.19,91.49 1 0
github.com/drew138/.dotfiles/installer/mocks/HttpClient.go:93.2,93.13 1 0
github.com/drew138/.dotfiles/installer/mocks/Provider.go:16.49,18.2 1 0
github.com/drew138/.dotfiles/installer/mocks/Provider.go:21.50,24.19 2 2
github.com/drew138/.dotfiles/installer/mocks/Provider.go:24.19,25.50 1 0
github.com/drew138/.dotfiles/installer/mocks/Provider.go:28.2,30.57 3 2
github.com/drew138/.dotfiles/installer/mocks/Provider.go:30.57,32.3 1 0
github.com/drew138/.dotfiles/installer/mocks/Provider.go:33.2,33.48 1 2
github.com/drew138/.dotfiles/installer/mocks/Provider.go:33.48,35.3 1 0
github.com/drew138/.dotfiles/installer/mocks/Provider.go:35.8,36.24 1 2
github.com/drew138/.dotfiles/installer/mocks/Provider.go:36.24,38.4 1 1
github.com/drew138/.dotfiles/installer/mocks/Provider.go:41.2,41.45 1 2
github.com/drew138/.dotfiles/installer/mocks/Provider.go:41.45,43.3 1 0
github.com/drew138/.dotfiles/installer/mocks/Provider.go:43.8,45.3 1 2
github.com/drew138/.dotfiles/installer/mocks/Provider.go:47.2,47.15 1 2
github.com/drew138/.dotfiles/installer/mocks/Provider.go:56.65,58.2 1 0
github.com/drew138/.dotfiles/installer/mocks/Provider.go:60.75,61.40 1 0
github.com/drew138/.dotfiles/installer/mocks/Provider.go:61.40,63.3 1 0
github.com/drew138/.dotfiles/installer/mocks/Provider.go:64.2,64.11 1 0
github.com/drew138/.dotfiles/installer/mocks/Provider.go:67.91,70.2 2 0
github.com/drew138/.dotfiles/installer/mocks/Provider.go:72.102,75.2 2 0
github.com/drew138/.dotfiles/installer/mocks/Provider.go:82.14,86.19 3 2
github.com/drew138/.dotfiles/installer/mocks/Provider.go:86.19,86.49 1 2
github.com/drew138/.dotfiles/installer/mocks/Provider.go:88.2,88.13 1 2
github.com/drew138/.dotfiles/installer/mocks/Provisioner.go:16.55,18.2 1 0
github.com/drew138/.dotfiles/installer/mocks/Provisioner.go:21.63,24.19 2 2
github.com/drew138/.dotfiles/installer/mocks/Provisioner.go:24.19,25.46 1 0
github.com/drew138/.dotfiles/installer/mocks/Provisioner.go:28.2,29.59 2 2
github.com/drew138/.dotfiles/installer/mocks/Provisioner.go:29.59,31.3 1 0
github.com/drew138/.dotfiles/installer/mocks/Provisioner.go:31.8,33.3 1 2
github.com/drew138/.dotfiles/installer/mocks/Provisioner.go:35.2,35.11 1 2
github.com/drew138/.dotfiles/installer/mocks/Provisioner.go:46.99,48.2 1 0
github.com/drew138/.dotfiles/installer/mocks/Provisioner.go:50.99,51.40 1 0
github.com/drew138/.dotfiles/installer/mocks/Provisioner.go:51.40,53.3 1 0
github.com/drew138/.dotfiles/installer/mocks/Provisioner.go:54.2,54.11 1 0
github.com/drew138/.dotfiles/installer/mocks/Provisioner.go:57.75,60.2 2 0
github.com/drew138/.dotfiles/installer/mocks/Provisioner.go:62.102,65.2 2 0
github.com/drew138/.dotfiles/installer/mocks/Provisioner.go:72.17,76.19 3 2
github.com/drew138/.dotfiles/installer/mocks/Provisioner.go:76.19,76.49 1 2
github.com/drew138/.dotfiles/installer/mocks/Provisioner.go:78.2,78.13 1 2
github.com/drew138/.dotfiles/installer/mocks/Service.go:16.47,18.2 1 0
github.com/drew138/.dotfiles/installer/mocks/Service.go:21.49,24.19 2 0
github.com/drew138/.dotfiles/installer/mocks/Service.go:24.19,25.50 1 0
github.com/drew138/.dotfiles/installer/mocks/Service.go:28.2,30.57 3 0
github.com/drew138/.dotfiles/installer/mocks/Service.go:30.57,32.3 1 0
github.com/drew138/.dotfiles/installer/mocks/Service.go:33.2,33.48 1 0
github.com/drew138/.dotfiles/installer/mocks/Service.go:33.48,35.3 1 0
github.com/drew138/.dotfiles/installer/mocks/Service.go:35.8,36.24 1 0
github.com/drew138/.dotfiles/installer/mocks/Service.go:36.24,38.4 1 0
github.com/drew138/.dotfiles/installer/mocks/Service.go:41.2,41.45 1 0
github.com/drew138/.dotfiles/installer/mocks/Service.go:41.45,43.3 1 0
github.com/drew138/.dotfiles/installer/mocks/Service.go:43.8,45.3 1 0
github.com/drew138/.dotfiles/installer/mocks/Service.go:47.2,47.15 1 0
github.com/drew138/.dotfiles/installer/mocks/Service.go:56.63,58.2 1 0
github.com/drew138/.dotfiles/installer/mocks/Service.go:60.73,61.40 1 0
github.com/drew138/.dotfiles/installer/mocks/Service.go:61.40,63.3 1 0
github.com/drew138/.dotfiles/installer/mocks/Service.go:64.2,64.11 1 0
github.com/drew138/.dotfiles/installer/mocks/Service.go:67.89,70.2 2 0
github.com/drew138/.dotfiles/installer/mocks/Service.go:72.100,75.2 2 0
github.com/drew138/.dotfiles/installer/mocks/Service.go:78.59,81.19 2 0
github.com/drew138/.dotfiles/installer/mocks/Service.go:81.19,82.46 1 0
github.com/drew138/.dotfiles/installer/mocks/Service.go:85.2,86.59 2 0
github.com/drew138/.dotfiles/installer/mocks/Service.go:86.59,88.3 1 0
github.com/drew138/.dotfiles/installer/mocks/Service.go:88.8,90.3 1 0
github.com/drew138/.dotfiles/installer/mocks/Service.go:92.2,92.11 1 0
github.com/drew138/.dotfiles/installer/mocks/Service.go:103.91,105.2 1 0
github.com/drew138/.dotfiles/installer/mocks/Service.go:107.91,108.40 1 0
github.com/drew138/.dotfiles/installer/mocks/Service.go:108.40,110.3 1 0
github.com/drew138/.dotfiles/installer/mocks/Service.go:111.2,111.11 1 0
github.com/drew138/.dotfiles/installer/mocks/Service.go:114.67,117.2 2 0
github.com/drew138/.dotfiles/installer/mocks/Service.go:119.94,122.2 2 0
github.com/drew138/.dotfiles/installer/mocks/Service.go:129.13,133.19 3 0
github.com/drew138/.dotfiles/installer/mocks/Service.go:133.19,133.49 1 0
github.com/drew138/.dotfiles/installer/mocks/Service.go:135.2,135.13 1 0
github.com/drew138/.dotfiles/installer/internal/application/service.go:9.63,14.2 1 0
github.com/drew138/.dotfiles/installer/internal/application/service.go:16.48,18.2 1 0
github.com/drew138/.dotfiles/installer/internal/application/service.go:20.58,22.2 1 0
github.com/drew138/.dotfiles/installer/internal/infrastructure/prompt/huh.go:18.51,20.2 1 2
github.com/drew138/.dotfiles/installer/internal/infrastructure/prompt/huh.go:22.73,24.29 2 1
github.com/drew138/.dotfiles/installer/internal/infrastructure/prompt/huh.go:24.29,27.3 2 2
github.com/drew138/.dotfiles/installer/internal/infrastructure/prompt/huh.go:28.2,28.16 1 1
github.com/drew138/.dotfiles/installer/internal/infrastructure/prompt/huh.go:35.13,50.2 1 1
github.com/drew138/.dotfiles/installer/internal/infrastructure/prompt/huh.go:52.34,55.16 2 0
github.com/drew138/.dotfiles/installer/internal/infrastructure/prompt/huh.go:55.16,57.3 1 0
github.com/drew138/.dotfiles/installer/internal/infrastructure/prompt/huh.go:59.2,70.19 5 0
github.com/drew138/.dotfiles/installer/internal/infrastructure/prompt/huh.go:70.19,73.17 2 0
github.com/drew138/.dotfiles/installer/internal/infrastructure/prompt/huh.go:73.17,75.4 1 0
github.com/drew138/.dotfiles/installer/internal/infrastructure/prompt/huh.go:78.2,81.8 1 0
github.com/drew138/.dotfiles/installer/mocks/HttpClient.go:20.53,22.2 1 0
github.com/drew138/.dotfiles/installer/mocks/HttpClient.go:25.63,28.19 2 0
github.com/drew138/.dotfiles/installer/mocks/HttpClient.go:28.19,29.45 1 0
github.com/drew138/.dotfiles/installer/mocks/HttpClient.go:32.2,34.69 3 0
github.com/drew138/.dotfiles/installer/mocks/HttpClient.go:34.69,36.3 1 0
github.com/drew138/.dotfiles/installer/mocks/HttpClient.go:37.2,37.60 1 0
github.com/drew138/.dotfiles/installer/mocks/HttpClient.go:37.60,39.3 1 0
github.com/drew138/.dotfiles/installer/mocks/HttpClient.go:39.8,40.24 1 0
github.com/drew138/.dotfiles/installer/mocks/HttpClient.go:40.24,42.4 1 0
github.com/drew138/.dotfiles/installer/mocks/HttpClient.go:45.2,45.51 1 0
github.com/drew138/.dotfiles/installer/mocks/HttpClient.go:45.51,47.3 1 0
github.com/drew138/.dotfiles/installer/mocks/HttpClient.go:47.8,49.3 1 0
github.com/drew138/.dotfiles/installer/mocks/HttpClient.go:51.2,51.15 1 0
github.com/drew138/.dotfiles/installer/mocks/HttpClient.go:61.74,63.2 1 0
github.com/drew138/.dotfiles/installer/mocks/HttpClient.go:65.79,66.40 1 0
github.com/drew138/.dotfiles/installer/mocks/HttpClient.go:66.40,68.3 1 0
github.com/drew138/.dotfiles/installer/mocks/HttpClient.go:69.2,69.11 1 0
github.com/drew138/.dotfiles/installer/mocks/HttpClient.go:72.91,75.2 2 0
github.com/drew138/.dotfiles/installer/mocks/HttpClient.go:77.108,80.2 2 0
github.com/drew138/.dotfiles/installer/mocks/HttpClient.go:87.16,91.19 3 0
github.com/drew138/.dotfiles/installer/mocks/HttpClient.go:91.19,91.49 1 0
github.com/drew138/.dotfiles/installer/mocks/HttpClient.go:93.2,93.13 1 0
github.com/drew138/.dotfiles/installer/mocks/Provider.go:16.49,18.2 1 0
github.com/drew138/.dotfiles/installer/mocks/Provider.go:21.50,24.19 2 0
github.com/drew138/.dotfiles/installer/mocks/Provider.go:24.19,25.50 1 0
github.com/drew138/.dotfiles/installer/mocks/Provider.go:28.2,30.57 3 0
github.com/drew138/.dotfiles/installer/mocks/Provider.go:30.57,32.3 1 0
github.com/drew138/.dotfiles/installer/mocks/Provider.go:33.2,33.48 1 0
github.com/drew138/.dotfiles/installer/mocks/Provider.go:33.48,35.3 1 0
github.com/drew138/.dotfiles/installer/mocks/Provider.go:35.8,36.24 1 0
github.com/drew138/.dotfiles/installer/mocks/Provider.go:36.24,38.4 1 0
github.com/drew138/.dotfiles/installer/mocks/Provider.go:41.2,41.45 1 0
github.com/drew138/.dotfiles/installer/mocks/Provider.go:41.45,43.3 1 0
github.com/drew138/.dotfiles/installer/mocks/Provider.go:43.8,45.3 1 0
github.com/drew138/.dotfiles/installer/mocks/Provider.go:47.2,47.15 1 0
github.com/drew138/.dotfiles/installer/mocks/Provider.go:56.65,58.2 1 0
github.com/drew138/.dotfiles/installer/mocks/Provider.go:60.75,61.40 1 0
github.com/drew138/.dotfiles/installer/mocks/Provider.go:61.40,63.3 1 0
github.com/drew138/.dotfiles/installer/mocks/Provider.go:64.2,64.11 1 0
github.com/drew138/.dotfiles/installer/mocks/Provider.go:67.91,70.2 2 0
github.com/drew138/.dotfiles/installer/mocks/Provider.go:72.102,75.2 2 0
github.com/drew138/.dotfiles/installer/mocks/Provider.go:82.14,86.19 3 0
github.com/drew138/.dotfiles/installer/mocks/Provider.go:86.19,86.49 1 0
github.com/drew138/.dotfiles/installer/mocks/Provider.go:88.2,88.13 1 0
github.com/drew138/.dotfiles/installer/mocks/Provisioner.go:16.55,18.2 1 0
github.com/drew138/.dotfiles/installer/mocks/Provisioner.go:21.63,24.19 2 0
github.com/drew138/.dotfiles/installer/mocks/Provisioner.go:24.19,25.46 1 0
github.com/drew138/.dotfiles/installer/mocks/Provisioner.go:28.2,29.59 2 0
github.com/drew138/.dotfiles/installer/mocks/Provisioner.go:29.59,31.3 1 0
github.com/drew138/.dotfiles/installer/mocks/Provisioner.go:31.8,33.3 1 0
github.com/drew138/.dotfiles/installer/mocks/Provisioner.go:35.2,35.11 1 0
github.com/drew138/.dotfiles/installer/mocks/Provisioner.go:46.99,48.2 1 0
github.com/drew138/.dotfiles/installer/mocks/Provisioner.go:50.99,51.40 1 0
github.com/drew138/.dotfiles/installer/mocks/Provisioner.go:51.40,53.3 1 0
github.com/drew138/.dotfiles/installer/mocks/Provisioner.go:54.2,54.11 1 0
github.com/drew138/.dotfiles/installer/mocks/Provisioner.go:57.75,60.2 2 0
github.com/drew138/.dotfiles/installer/mocks/Provisioner.go:62.102,65.2 2 0
github.com/drew138/.dotfiles/installer/mocks/Provisioner.go:72.17,76.19 3 0
github.com/drew138/.dotfiles/installer/mocks/Provisioner.go:76.19,76.49 1 0
github.com/drew138/.dotfiles/installer/mocks/Provisioner.go:78.2,78.13 1 0
github.com/drew138/.dotfiles/installer/mocks/Service.go:16.47,18.2 1 0
github.com/drew138/.dotfiles/installer/mocks/Service.go:21.49,24.19 2 0
github.com/drew138/.dotfiles/installer/mocks/Service.go:24.19,25.50 1 0
github.com/drew138/.dotfiles/installer/mocks/Service.go:28.2,30.57 3 0
github.com/drew138/.dotfiles/installer/mocks/Service.go:30.57,32.3 1 0
github.com/drew138/.dotfiles/installer/mocks/Service.go:33.2,33.48 1 0
github.com/drew138/.dotfiles/installer/mocks/Service.go:33.48,35.3 1 0
github.com/drew138/.dotfiles/installer/mocks/Service.go:35.8,36.24 1 0
github.com/drew138/.dotfiles/installer/mocks/Service.go:36.24,38.4 1 0
github.com/drew138/.dotfiles/installer/mocks/Service.go:41.2,41.45 1 0
github.com/drew138/.dotfiles/installer/mocks/Service.go:41.45,43.3 1 0
github.com/drew138/.dotfiles/installer/mocks/Service.go:43.8,45.3 1 0
github.com/drew138/.dotfiles/installer/mocks/Service.go:47.2,47.15 1 0
github.com/drew138/.dotfiles/installer/mocks/Service.go:56.63,58.2 1 0
github.com/drew138/.dotfiles/installer/mocks/Service.go:60.73,61.40 1 0
github.com/drew138/.dotfiles/installer/mocks/Service.go:61.40,63.3 1 0
github.com/drew138/.dotfiles/installer/mocks/Service.go:64.2,64.11 1 0
github.com/drew138/.dotfiles/installer/mocks/Service.go:67.89,70.2 2 0
github.com/drew138/.dotfiles/installer/mocks/Service.go:72.100,75.2 2 0
github.com/drew138/.dotfiles/installer/mocks/Service.go:78.59,81.19 2 0
github.com/drew138/.dotfiles/installer/mocks/Service.go:81.19,82.46 1 0
github.com/drew138/.dotfiles/installer/mocks/Service.go:85.2,86.59 2 0
github.com/drew138/.dotfiles/installer/mocks/Service.go:86.59,88.3 1 0
github.com/drew138/.dotfiles/installer/mocks/Service.go:88.8,90.3 1 0
github.com/drew138/.dotfiles/installer/mocks/Service.go:92.2,92.11 1 0
github.com/drew138/.dotfiles/installer/mocks/Service.go:103.91,105.2 1 0
github.com/drew138/.dotfiles/installer/mocks/Service.go:107.91,108.40 1 0
github.com/drew138/.dotfiles/installer/mocks/Service.go:108.40,110.3 1 0
github.com/drew138/.dotfiles/installer/mocks/Service.go:111.2,111.11 1 0
github.com/drew138/.dotfiles/installer/mocks/Service.go:114.67,117.2 2 0
github.com/drew138/.dotfiles/installer/mocks/Service.go:119.94,122.2 2 0
github.com/drew138/.dotfiles/installer/mocks/Service.go:129.13,133.19 3 2
github.com/drew138/.dotfiles/installer/mocks/Service.go:133.19,133.49 1 2
github.com/drew138/.dotfiles/installer/mocks/Service.go:135.2,135.13 1 2
github.com/drew138/.dotfiles/installer/internal/application/service.go:9.63,14.2 1 0
github.com/drew138/.dotfiles/installer/internal/application/service.go:16.48,18.2 1 0
github.com/drew138/.dotfiles/installer/internal/application/service.go:20.58,22.2 1 0
github.com/drew138/.dotfiles/installer/internal/infrastructure/provider/httpclient.go:22.41,24.2 1 1
github.com/drew138/.dotfiles/installer/internal/infrastructure/provider/httpclient.go:30.51,33.16 2 3
github.com/drew138/.dotfiles/installer/internal/infrastructure/provider/httpclient.go:33.16,35.3 1 1
github.com/drew138/.dotfiles/installer/internal/infrastructure/provider/httpclient.go:37.2,41.16 3 2
github.com/drew138/.dotfiles/installer/internal/infrastructure/provider/httpclient.go:41.16,43.3 1 0
github.com/drew138/.dotfiles/installer/internal/infrastructure/provider/httpclient.go:45.2,49.16 3 2
github.com/drew138/.dotfiles/installer/internal/infrastructure/provider/httpclient.go:49.16,51.3 1 1
github.com/drew138/.dotfiles/installer/internal/infrastructure/provider/httpclient.go:53.2,55.29 2 1
github.com/drew138/.dotfiles/installer/internal/infrastructure/provider/httpclient.go:55.29,57.3 1 2
github.com/drew138/.dotfiles/installer/internal/infrastructure/provider/httpclient.go:59.2,59.19 1 1
github.com/drew138/.dotfiles/installer/mocks/HttpClient.go:20.53,22.2 1 0
github.com/drew138/.dotfiles/installer/mocks/HttpClient.go:25.63,28.19 2 3
github.com/drew138/.dotfiles/installer/mocks/HttpClient.go:28.19,29.45 1 0
github.com/drew138/.dotfiles/installer/mocks/HttpClient.go:32.2,34.69 3 3
github.com/drew138/.dotfiles/installer/mocks/HttpClient.go:34.69,36.3 1 0
github.com/drew138/.dotfiles/installer/mocks/HttpClient.go:37.2,37.60 1 3
github.com/drew138/.dotfiles/installer/mocks/HttpClient.go:37.60,39.3 1 0
github.com/drew138/.dotfiles/installer/mocks/HttpClient.go:39.8,40.24 1 3
github.com/drew138/.dotfiles/installer/mocks/HttpClient.go:40.24,42.4 1 2
github.com/drew138/.dotfiles/installer/mocks/HttpClient.go:45.2,45.51 1 3
github.com/drew138/.dotfiles/installer/mocks/HttpClient.go:45.51,47.3 1 0
github.com/drew138/.dotfiles/installer/mocks/HttpClient.go:47.8,49.3 1 3
github.com/drew138/.dotfiles/installer/mocks/HttpClient.go:51.2,51.15 1 3
github.com/drew138/.dotfiles/installer/mocks/HttpClient.go:61.74,63.2 1 0
github.com/drew138/.dotfiles/installer/mocks/HttpClient.go:65.79,66.40 1 0
github.com/drew138/.dotfiles/installer/mocks/HttpClient.go:66.40,68.3 1 0
github.com/drew138/.dotfiles/installer/mocks/HttpClient.go:69.2,69.11 1 0
github.com/drew138/.dotfiles/installer/mocks/HttpClient.go:72.91,75.2 2 0
github.com/drew138/.dotfiles/installer/mocks/HttpClient.go:77.108,80.2 2 0
github.com/drew138/.dotfiles/installer/mocks/HttpClient.go:87.16,91.19 3 1
github.com/drew138/.dotfiles/installer/mocks/HttpClient.go:91.19,91.49 1 1
github.com/drew138/.dotfiles/installer/mocks/HttpClient.go:93.2,93.13 1 1
github.com/drew138/.dotfiles/installer/mocks/Provider.go:16.49,18.2 1 0
github.com/drew138/.dotfiles/installer/mocks/Provider.go:21.50,24.19 2 0
github.com/drew138/.dotfiles/installer/mocks/Provider.go:24.19,25.50 1 0
github.com/drew138/.dotfiles/installer/mocks/Provider.go:28.2,30.57 3 0
github.com/drew138/.dotfiles/installer/mocks/Provider.go:30.57,32.3 1 0
github.com/drew138/.dotfiles/installer/mocks/Provider.go:33.2,33.48 1 0
github.com/drew138/.dotfiles/installer/mocks/Provider.go:33.48,35.3 1 0
github.com/drew138/.dotfiles/installer/mocks/Provider.go:35.8,36.24 1 0
github.com/drew138/.dotfiles/installer/mocks/Provider.go:36.24,38.4 1 0
github.com/drew138/.dotfiles/installer/mocks/Provider.go:41.2,41.45 1 0
github.com/drew138/.dotfiles/installer/mocks/Provider.go:41.45,43.3 1 0
github.com/drew138/.dotfiles/installer/mocks/Provider.go:43.8,45.3 1 0
github.com/drew138/.dotfiles/installer/mocks/Provider.go:47.2,47.15 1 0
github.com/drew138/.dotfiles/installer/mocks/Provider.go:56.65,58.2 1 0
github.com/drew138/.dotfiles/installer/mocks/Provider.go:60.75,61.40 1 0
github.com/drew138/.dotfiles/installer/mocks/Provider.go:61.40,63.3 1 0
github.com/drew138/.dotfiles/installer/mocks/Provider.go:64.2,64.11 1 0
github.com/drew138/.dotfiles/installer/mocks/Provider.go:67.91,70.2 2 0
github.com/drew138/.dotfiles/installer/mocks/Provider.go:72.102,75.2 2 0
github.com/drew138/.dotfiles/installer/mocks/Provider.go:82.14,86.19 3 0
github.com/drew138/.dotfiles/installer/mocks/Provider.go:86.19,86.49 1 0
github.com/drew138/.dotfiles/installer/mocks/Provider.go:88.2,88.13 1 0
github.com/drew138/.dotfiles/installer/mocks/Provisioner.go:16.55,18.2 1 0
github.com/drew138/.dotfiles/installer/mocks/Provisioner.go:21.63,24.19 2 0
github.com/drew138/.dotfiles/installer/mocks/Provisioner.go:24.19,25.46 1 0
github.com/drew138/.dotfiles/installer/mocks/Provisioner.go:28.2,29.59 2 0
github.com/drew138/.dotfiles/installer/mocks/Provisioner.go:29.59,31.3 1 0
github.com/drew138/.dotfiles/installer/mocks/Provisioner.go:31.8,33.3 1 0
github.com/drew138/.dotfiles/installer/mocks/Provisioner.go:35.2,35.11 1 0
github.com/drew138/.dotfiles/installer/mocks/Provisioner.go:46.99,48.2 1 0
github.com/drew138/.dotfiles/installer/mocks/Provisioner.go:50.99,51.40 1 0
github.com/drew138/.dotfiles/installer/mocks/Provisioner.go:51.40,53.3 1 0
github.com/drew138/.dotfiles/installer/mocks/Provisioner.go:54.2,54.11 1 0
github.com/drew138/.dotfiles/installer/mocks/Provisioner.go:57.75,60.2 2 0
github.com/drew138/.dotfiles/installer/mocks/Provisioner.go:62.102,65.2 2 0
github.com/drew138/.dotfiles/installer/mocks/Provisioner.go:72.17,76.19 3 0
github.com/drew138/.dotfiles/installer/mocks/Provisioner.go:76.19,76.49 1 0
github.com/drew138/.dotfiles/installer/mocks/Provisioner.go:78.2,78.13 1 0
github.com/drew138/.dotfiles/installer/mocks/Service.go:16.47,18.2 1 0
github.com/drew138/.dotfiles/installer/mocks/Service.go:21.49,24.19 2 0
github.com/drew138/.dotfiles/installer/mocks/Service.go:24.19,25.50 1 0
github.com/drew138/.dotfiles/installer/mocks/Service.go:28.2,30.57 3 0
github.com/drew138/.dotfiles/installer/mocks/Service.go:30.57,32.3 1 0
github.com/drew138/.dotfiles/installer/mocks/Service.go:33.2,33.48 1 0
github.com/drew138/.dotfiles/installer/mocks/Service.go:33.48,35.3 1 0
github.com/drew138/.dotfiles/installer/mocks/Service.go:35.8,36.24 1 0
github.com/drew138/.dotfiles/installer/mocks/Service.go:36.24,38.4 1 0
github.com/drew138/.dotfiles/installer/mocks/Service.go:41.2,41.45 1 0
github.com/drew138/.dotfiles/installer/mocks/Service.go:41.45,43.3 1 0
github.com/drew138/.dotfiles/installer/mocks/Service.go:43.8,45.3 1 0
github.com/drew138/.dotfiles/installer/mocks/Service.go:47.2,47.15 1 0
github.com/drew138/.dotfiles/installer/mocks/Service.go:56.63,58.2 1 0
github.com/drew138/.dotfiles/installer/mocks/Service.go:60.73,61.40 1 0
github.com/drew138/.dotfiles/installer/mocks/Service.go:61.40,63.3 1 0
github.com/drew138/.dotfiles/installer/mocks/Service.go:64.2,64.11 1 0
github.com/drew138/.dotfiles/installer/mocks/Service.go:67.89,70.2 2 0
github.com/drew138/.dotfiles/installer/mocks/Service.go:72.100,75.2 2 0
github.com/drew138/.dotfiles/installer/mocks/Service.go:78.59,81.19 2 0
github.com/drew138/.dotfiles/installer/mocks/Service.go:81.19,82.46 1 0
github.com/drew138/.dotfiles/installer/mocks/Service.go:85.2,86.59 2 0
github.com/drew138/.dotfiles/installer/mocks/Service.go:86.59,88.3 1 0
github.com/drew138/.dotfiles/installer/mocks/Service.go:88.8,90.3 1 0
github.com/drew138/.dotfiles/installer/mocks/Service.go:92.2,92.11 1 0
github.com/drew138/.dotfiles/installer/mocks/Service.go:103.91,105.2 1 0
github.com/drew138/.dotfiles/installer/mocks/Service.go:107.91,108.40 1 0
github.com/drew138/.dotfiles/installer/mocks/Service.go:108.40,110.3 1 0
github.com/drew138/.dotfiles/installer/mocks/Service.go:111.2,111.11 1 0
github.com/drew138/.dotfiles/installer/mocks/Service.go:114.67,117.2 2 0
github.com/drew138/.dotfiles/installer/mocks/Service.go:119.94,122.2 2 0
github.com/drew138/.dotfiles/installer/mocks/Service.go:129.13,133.19 3 0
github.com/drew138/.dotfiles/installer/mocks/Service.go:133.19,133.49 1 0
github.com/drew138/.dotfiles/installer/mocks/Service.go:135.2,135.13 1 0
